
Importing Model from XMI
Root Package: Data
Add Classifier: AlertStatus
Add Classifier: Alert Monitor
Add Classifier: Alert
Add Classifier: SaSpec
Add Classifier: CmplxMetricInfo
Add Classifier: MetricStructure
Add Classifier: MetricCategory
Add Classifier: Sample Array
Add Classifier: EnumRecordOo
Add Classifier: 
Add Classifier: EnumObsValue
Add Classifier: VMD
Add Classifier: SaFilterEntry
Add Classifier: SegData
Add Classifier: SaSignalFrequency
Add Classifier: CmplxObsElemFlags
Add Classifier: VMO
Add Classifier: Enumeration
Add Classifier: CmplxObsElem
Add Classifier: CmplxObsValue
Add Classifier: MetricCalType
Add Classifier: MarkerEntryIndex
Add Classifier: INT-I16
Add Classifier: PM-Store
Add Classifier: Time-SA
Add Classifier: Distribution-SA
Add Classifier: VMDStatus
Add Classifier: SaCalDataType
Add Classifier: AbsoluteRange
Add Classifier: MetricCalEntry
Add Classifier: MetricRelevance
Add Classifier: MetricAccess
Add Classifier: DsaRangeSpec
Add Classifier: SACalData
Add Classifier: Metric
Add Classifier: MetricSpec
Add Classifier: ProdSpecEntry
Add Classifier: StoSampleAlg
Add Classifier: MarkerListSaVal
Add Classifier: SaFilterEntry_Type
Add Classifier: MeasurementStatus
Add Classifier: CmplxElemInfo
Add Classifier: VmoSourceEntry
Add Classifier: SaGridEntry
Add Classifier: Channel
Add Classifier: EnumMsmtRangeLabel
Add Classifier: ChannelStatus
Add Classifier: MetricStatus
Add Classifier: EnumRecordMetric
Add Classifier: 
Add Classifier: EnumVal
Add Classifier: CmplxDynAttr
Add Classifier: Complex Metric
Add Classifier: CmplxStaticAttrElem
Add Classifier: MetricMeasure
Add Classifier: Numeric
Add Classifier: ProdSpecEntry_spec-type
Add Classifier: CmplxFlags
Add Classifier: ScaleRangeSpec
Add Classifier: PM-Segment
Add Classifier: MarkerEntryRelTim
Add Classifier: MsmtPrinciple
Add Classifier: MetricCalState
Add Classifier: DispResolution
Add Classifier: CmplxDynAttrElem
Add Classifier: SystemModel
Add Classifier: NuObsValue
Add Classifier: StorageFormat
Add Classifier: SaObsValue
Add Classifier: MetricStructure_ms-struct
Add Classifier: RealTime-SA
Add Classifier: DCC
Add Classifier: Specialized MibElement
Add Classifier: Communication Controller
Add Classifier: Device Interface
Add Classifier: BCC
Add Classifier: Mib Element
Add Classifier: INT-U8
Add Classifier: NomPartition
Add Classifier: INT-U32
Add Classifier: 
Add Classifier: INT-U16
Add Classifier: BITS-32
Add Classifier: 
Add Classifier: Float-Type
Add Classifier: 
Add Classifier: StringFlags
Add Classifier: Object
Add Classifier: AVA-Type
Add Classifier: 
Add Classifier: Language
Add Classifier: MDS Context ID
Add Classifier: Top
Add Classifier: StringSpec
Add Classifier: Handle
Add Classifier: OperationalState
Add Classifier: AbsoluteTime
Add Classifier: OCTET STRING
Add Classifier: 
Add Classifier: 
Add Classifier: Country
Add Classifier: GLB-HANDLE
Add Classifier: PrivateOid
Add Classifier: ConfirmMode
Add Classifier: ExtNomenRef
Add Classifier: 
Add Classifier: SimpleColour
Add Classifier: Locale
Add Classifier: RelativeTime
Add Classifier: ExtObjRelationEntry
Add Classifier: OID-Type
Add Classifier: 
Add Classifier: CharSet
Add Classifier: Type ID
Add Classifier: Ancillary
Add Classifier: Instance Number
Add Classifier: AdministrativeState
Add Classifier: HighResRelativeTime
Add Classifier: Date
Add Classifier: Attribute
Add Classifier: Behavior
Add Classifier: Attribute_Group
Add Classifier: Notification
Add Classifier: Class
Add Classifier: Type
Add Classifier: Qualifier_Type
Add Classifier: Limit Alert
Add Classifier: Select Item
Add Classifier: Operation
Add Classifier: Alert
Add Classifier: Toggle Flag
Add Classifier: Set Range
Add Classifier: Service-and-Control
Add Classifier: Set String
Add Classifier: Set Value
Add Classifier: Session Notes
Add Classifier: Patient Archive
Add Classifier: Multipatient Archive
Add Classifier: Physician
Add Classifier: Session Archive
Add Classifier: Session-Test
Add Classifier: Unconfigurable Scanner
Add Classifier: Scanner
Add Classifier: PeriCfgScanner
Add Classifier: EpiCfgScanner
Add Classifier: FastPeriCfgScanner
Add Classifier: Configurable Scanner
Add Classifier: Operating Scanner
Add Classifier: Alert Scanner
Add Classifier: Context Scanner
Add Classifier: Event Log
Add Classifier: VMS
Add Classifier: Clock
Add Classifier: Hydra MDS
Add Classifier: Composite Single Bed MDS
Add Classifier: Simple MDS
Add Classifier: Log
Add Classifier: Composite Multi Bed MDS
Add Classifier: Battery
Add Classifier: MDS
Add Classifier: Patient Demographics
Resolving Classifiers
Resolving Owners
Resolving Attribute Types
Resolving Parameter Types
Resolving Association-Classes
Resolving InteractionOccurences
Fixup external references
Import Complete!
